<?xml version="1.0" encoding="UTF-8"?>
<!-- Generated by org.testng.reporters.JUnitXMLReporter -->
<testsuite ignored="0" hostname="MaRKUS" failures="0" tests="24" name="Surefire test" time="9.898" errors="0" timestamp="2023-12-10T22:19:47 MEZ">
  <testcase classname="at.jku.se.prse.team3.AppTest" name="testApp on testApp(at.jku.se.prse.team3.AppTest)" time="0.015"/>
  <testcase classname="at.jku.se.prse.team3.FahrtenbuchTest" name="testExportImportFahrt on testExportImportFahrt(at.jku.se.prse.team3.FahrtenbuchTest)" time="0.141"/>
  <testcase classname="at.jku.se.prse.team3.FahrtenbuchTest" name="testNeueFahrt on testNeueFahrt(at.jku.se.prse.team3.FahrtenbuchTest)" time="0.142"/>
  <testcase classname="at.jku.se.prse.team3.FahrtenbuchTest" name="testBearbeiteFahrt on testBearbeiteFahrt(at.jku.se.prse.team3.FahrtenbuchTest)" time="0.144"/>
  <testcase classname="at.jku.se.prse.team3.FahrtenbuchTest" name="testLoescheFahrten on testLoescheFahrten(at.jku.se.prse.team3.FahrtenbuchTest)" time="0.146"/>
  <testcase classname="at.jku.se.prse.team3.FahrtenbuchUITest" name="testZeigeKilometerDiagramm on testZeigeKilometerDiagramm(at.jku.se.prse.team3.FahrtenbuchUITest)" time="3.452"/>
  <testcase classname="at.jku.se.prse.team3.FahrtenbuchUITest" name="testDeleteButton on testDeleteButton(at.jku.se.prse.team3.FahrtenbuchUITest)" time="4.661"/>
  <testcase classname="at.jku.se.prse.team3.FahrtenbuchUITest" name="testZeigeErweiterteKilometerStatistik on testZeigeErweiterteKilometerStatistik(at.jku.se.prse.team3.FahrtenbuchUITest)" time="5.545"/>
  <testcase classname="at.jku.se.prse.team3.FahrtenbuchUITest" name="testSettingsButton on testSettingsButton(at.jku.se.prse.team3.FahrtenbuchUITest)" time="6.791"/>
  <testcase classname="at.jku.se.prse.team3.FahrtenbuchUITest" name="testZeigeJahresKilometerDiagramm on testZeigeJahresKilometerDiagramm(at.jku.se.prse.team3.FahrtenbuchUITest)" time="7.434"/>
  <testcase classname="at.jku.se.prse.team3.FahrtenbuchUITest" name="testEditButton on testEditButton(at.jku.se.prse.team3.FahrtenbuchUITest)" time="8.464"/>
  <testcase classname="at.jku.se.prse.team3.FahrtenbuchUITest" name="testBerechneKilometerProMonatUndKategorie on testBerechneKilometerProMonatUndKategorie(at.jku.se.prse.team3.FahrtenbuchUITest)" time="8.896"/>
  <testcase classname="at.jku.se.prse.team3.FahrtenbuchUITest" name="testZeigeJahresKilometerStatistik on testZeigeJahresKilometerStatistik(at.jku.se.prse.team3.FahrtenbuchUITest)" time="9.59"/>
  <testcase classname="at.jku.se.prse.team3.FahrtStatusTest" name="testFahrtStatusWertOf on testFahrtStatusWertOf(at.jku.se.prse.team3.FahrtStatusTest)" time="0.001"/>
  <testcase classname="at.jku.se.prse.team3.FahrtStatusTest" name="testFahrtStatusWerte on testFahrtStatusWerte(at.jku.se.prse.team3.FahrtStatusTest)" time="0.0"/>
  <testcase classname="at.jku.se.prse.team3.FahrtTest" name="testAnkunftszeit on testAnkunftszeit(at.jku.se.prse.team3.FahrtTest)" time="0.006"/>
  <testcase classname="at.jku.se.prse.team3.FahrtTest" name="testDatum on testDatum(at.jku.se.prse.team3.FahrtTest)" time="0.005"/>
  <testcase classname="at.jku.se.prse.team3.FahrtTest" name="testKategorien on testKategorien(at.jku.se.prse.team3.FahrtTest)" time="0.004"/>
  <testcase classname="at.jku.se.prse.team3.FahrtTest" name="testAktiveFahrzeit on testAktiveFahrzeit(at.jku.se.prse.team3.FahrtTest)" time="0.005"/>
  <testcase classname="at.jku.se.prse.team3.FahrtTest" name="testGefahreneKilometer on testGefahreneKilometer(at.jku.se.prse.team3.FahrtTest)" time="0.004"/>
  <testcase classname="at.jku.se.prse.team3.FahrtTest" name="testFahrtstatus on testFahrtstatus(at.jku.se.prse.team3.FahrtTest)" time="0.004"/>
  <testcase classname="at.jku.se.prse.team3.FahrtTest" name="testKfzKennzeichen on testKfzKennzeichen(at.jku.se.prse.team3.FahrtTest)" time="0.003"/>
  <testcase classname="at.jku.se.prse.team3.FahrtTest" name="testAddKategorie on testAddKategorie(at.jku.se.prse.team3.FahrtTest)" time="0.01"/>
  <testcase classname="at.jku.se.prse.team3.FahrtTest" name="testAbfahrtszeit on testAbfahrtszeit(at.jku.se.prse.team3.FahrtTest)" time="0.01"/>
</testsuite> <!-- Surefire test -->
